Arguments: 
  /usr/local/bin/node /usr/local/Cellar/yarn/1.7.0/libexec/bin/yarn.js add node-sass-chokidar

PATH: 
  /Users/patrykswiatek/.npm-global/bin:/usr/local/bin:/usr/bin:/bin:/usr/sbin:/sbin:/usr/local/share/dotnet:/Library/Frameworks/Mono.framework/Versions/Current/Commands

Yarn version: 
  1.7.0

Node version: 
  8.11.3

Platform: 
  darwin x64

Trace: 
  Error: EACCES: permission denied, unlink '/Users/patrykswiatek/ToDoApp/node_modules/eslint-config-airbnb/package.json'

npm manifest: 
  {
    "name": "my-app",
    "version": "0.1.0",
    "private": true,
    "dependencies": {
      "eslint-config-airbnb": "^17.0.0",
      "node-sass-chokidar": "^1.3.3",
      "react": "^16.4.1",
      "react-dom": "^16.4.1",
      "react-router-dom": "^4.3.1",
      "react-scripts": "^1.1.4"
    },
    "scripts": {
      "start": "react-scripts start",
      "build": "react-scripts build",
      "test": "react-scripts test --env=jsdom",
      "eject": "react-scripts eject"
    },
    "devDependencies": {
      "node-sass": "^4.9.2",
      "sass-loader": "^7.0.3"
    }
  }

yarn manifest: 
  No manifest

Lockfile: 
  No lockfile
